This is pdfTeX, Version 3.14159-13d (Web2C 7.3.1) (format=pdflatex 1999.9.25)  27 AUG 2001 23:21
**hw1
(hw1.tex[/usr/share/texmf/pdftex/config/pdftex.cfg]
LaTeX2e <1998/12/01> patch level 1
Babel <v3.6x> and hyphenation patterns for american, french, german, ngerman, i
talian, nohyphenation, loaded.
(/usr/share/texmf/tex/latex/base/article.cls
Document Class: article 1999/01/07 v1.4a Standard LaTeX document class
(/usr/share/texmf/tex/latex/base/size11.clo
File: size11.clo 1999/01/07 v1.4a Standard LaTeX file (size option)
)
\c@part=\count79
\c@section=\count80
\c@subsection=\count81
\c@subsubsection=\count82
\c@paragraph=\count83
\c@subparagraph=\count84
\c@figure=\count85
\c@table=\count86
\abovecaptionskip=\skip41
\belowcaptionskip=\skip42
\bibindent=\dimen102
)
(/usr/share/texmf/tex/latex/misc/fullpage.sty
Style Option FULLPAGE Version 2 as of 15 Dec 1988
) (hw1.aux)
\openout1 = `hw1.aux'.

LaTeX Font Info:    Checking defaults for OML/cmm/m/it on input line 4.
LaTeX Font Info:    ... okay on input line 4.
LaTeX Font Info:    Checking defaults for T1/cmr/m/n on input line 4.
LaTeX Font Info:    ... okay on input line 4.
LaTeX Font Info:    Checking defaults for OT1/cmr/m/n on input line 4.
LaTeX Font Info:    ... okay on input line 4.
LaTeX Font Info:    Checking defaults for OMS/cmsy/m/n on input line 4.
LaTeX Font Info:    ... okay on input line 4.
LaTeX Font Info:    Checking defaults for OMX/cmex/m/n on input line 4.
LaTeX Font Info:    ... okay on input line 4.
LaTeX Font Info:    Checking defaults for U/cmr/m/n on input line 4.
LaTeX Font Info:    ... okay on input line 4.
LaTeX Font Info:    External font `cmex10' loaded for size
(Font)              <12> on input line 11.
LaTeX Font Info:    External font `cmex10' loaded for size
(Font)              <8> on input line 11.
LaTeX Font Info:    External font `cmex10' loaded for size
(Font)              <6> on input line 11.
LaTeX Font Info:    Try loading font information for OMS+cmr on input line 21.
 (/usr/share/texmf/tex/latex/base/omscmr.fd
File: omscmr.fd 1998/03/27 v2.5g Standard LaTeX font definitions
)
LaTeX Font Info:    Font shape `OMS/cmr/m/n' in size <10.95> not available
(Font)              Font shape `OMS/cmsy/m/n' tried instead on input line 21.
 [1

[/usr/share/texmf/dvips/config/pdftex.map]] (hw1.aux) ) 
Here is how much of TeX's memory you used:
 248 strings out of 10628
 2591 string characters out of 92863
 47255 words of memory out of 263001
 3273 multiletter control sequences out of 10000+0
 8145 words of font info for 29 fonts, out of 400000 for 1000
 14 hyphenation exceptions out of 1000
 21i,4n,19p,132b,208s stack positions out of 300i,100n,500p,50000b,4000s
<cmsy10.pfb><cmbx10.pfb>
<cmbx12.pfb><cmr10.pfb><cmr12.pfb><cmr17.pfb>
Output written on hw1.pdf (1 page, 45850 bytes).
