This is pdfTeX, Version 3.14159-1.00b-pretest-20020211 (Web2C 7.3.7) (format=pdflatex 2002.5.31)  17 OCT 2002 13:17
**exam1.tex
(./exam1.tex{/usr/local/teTeX/share/texmf.local/pdftex/config/pdftex.cfg}
LaTeX2e <2001/06/01>
Babel <v3.7h> and hyphenation patterns for american, french, german, ngerman, d
utch, nohyphenation, loaded.
(/usr/local/teTeX/share/texmf/tex/latex/base/latex209.def
File: latex209.def 1998/05/13 v0.52 Standard LaTeX file


          Entering LaTeX 2.09 COMPATIBILITY MODE
 *************************************************************
    !!WARNING!!    !!WARNING!!    !!WARNING!!    !!WARNING!!   
 
 This mode attempts to provide an emulation of the LaTeX 2.09
 author environment so that OLD documents can be successfully
 processed. It should NOT be used for NEW documents!
 
 New documents should use Standard LaTeX conventions and start
 with the \documentclass command.
 
 Compatibility mode is UNLIKELY TO WORK with LaTeX 2.09 style
 files that change any internal macros, especially not with
 those that change the FONT SELECTION or OUTPUT ROUTINES.
 
 Therefore such style files MUST BE UPDATED to use
          Current Standard LaTeX: LaTeX2e.
 If you suspect that you may be using such a style file, which
 is probably very, very old by now, then you should attempt to
 get it updated by sending a copy of this error message to the
 author of that file.
 *************************************************************

\footheight=\dimen102
\@maxsep=\dimen103
\@dblmaxsep=\dimen104
\@cla=\count79
\@clb=\count80
\mscount=\count81
(/usr/local/teTeX/share/texmf/tex/latex/base/tracefnt.sty
Package: tracefnt 1997/05/29 v3.0j Standard LaTeX package (font tracing)
\tracingfonts=\count82
LaTeX Info: Redefining \selectfont on input line 96.
)
\symbold=\mathgroup4
\symsans=\mathgroup5
\symtypewriter=\mathgroup6
\symitalic=\mathgroup7
\symsmallcaps=\mathgroup8
\symslanted=\mathgroup9
LaTeX Font Info:    Redeclaring math alphabet \mathbf on input line 288.
LaTeX Font Info:    Redeclaring math alphabet \mathsf on input line 289.
LaTeX Font Info:    Redeclaring math alphabet \mathtt on input line 290.
LaTeX Font Info:    Redeclaring math alphabet \mathit on input line 296.
LaTeX Info: Redefining \em on input line 306.

(/usr/local/teTeX/share/texmf/tex/latex/base/latexsym.sty
Package: latexsym 1998/08/17 v2.2e Standard LaTeX package (lasy symbols)
\symlasy=\mathgroup10
LaTeX Font Info:    Overwriting symbol font `lasy' in version `bold'
(Font)                  U/lasy/m/n --> U/lasy/b/n on input line 42.
)
LaTeX Font Info:    Redeclaring math delimiter \lgroup on input line 370.
LaTeX Font Info:    Redeclaring math delimiter \rgroup on input line 372.
LaTeX Font Info:    Redeclaring math delimiter \bracevert on input line 374.

(/usr/local/teTeX/share/texmf/tex/latex/config/latex209.cfg
File: latex209.cfg 2001/06/05 v1.0 teTeX customized LaTeX 2.09 compatibility mo
de setup
)
(/usr/local/teTeX/share/texmf/tex/latex/tools/rawfonts.sty
Package: rawfonts 1994/05/08 Low-level LaTeX 2.09 font compatibility

(/usr/local/teTeX/share/texmf/tex/latex/tools/somedefs.sty
Package: somedefs 1994/06/01 Toolkit for optional definitions
)
LaTeX Font Info:    Try loading font information for U+lasy on input line 44.

(/usr/local/teTeX/share/texmf/tex/latex/base/ulasy.fd
File: ulasy.fd 1998/08/17 v2.2e LaTeX symbol font definitions
)))
(/usr/local/teTeX/share/texmf/tex/latex/base/article.cls
Document Class: article 2001/04/21 v1.4e Standard LaTeX document class
(/usr/local/teTeX/share/texmf/tex/latex/base/size12.clo
File: size12.clo 2001/04/21 v1.4e Standard LaTeX file (size option)
)
\c@part=\count83
\c@section=\count84
\c@subsection=\count85
\c@subsubsection=\count86
\c@paragraph=\count87
\c@subparagraph=\count88
\c@figure=\count89
\c@table=\count90
\abovecaptionskip=\skip41
\belowcaptionskip=\skip42
Compatibility mode: definition of \rm ignored.
Compatibility mode: definition of \sf ignored.
Compatibility mode: definition of \tt ignored.
Compatibility mode: definition of \bf ignored.
Compatibility mode: definition of \it ignored.
Compatibility mode: definition of \sl ignored.
Compatibility mode: definition of \sc ignored.
LaTeX Info: Redefining \cal on input line 501.
LaTeX Info: Redefining \mit on input line 502.
\bibindent=\dimen105
) (./exam1.aux)
\openout1 = `exam1.aux'.

LaTeX Font Info:    Checking defaults for OML/cmm/m/it on input line 14.
LaTeX Font Info:    ... okay on input line 14.
LaTeX Font Info:    Checking defaults for T1/cmr/m/n on input line 14.
LaTeX Font Info:    ... okay on input line 14.
LaTeX Font Info:    Checking defaults for OT1/cmr/m/n on input line 14.
LaTeX Font Info:    ... okay on input line 14.
LaTeX Font Info:    Checking defaults for OMS/cmsy/m/n on input line 14.
LaTeX Font Info:    ... okay on input line 14.
LaTeX Font Info:    Checking defaults for OMX/cmex/m/n on input line 14.
LaTeX Font Info:    ... okay on input line 14.
LaTeX Font Info:    Checking defaults for U/cmr/m/n on input line 14.
LaTeX Font Info:    ... okay on input line 14.
LaTeX Font Info:    External font `cmex10' loaded for size
(Font)              <14.4> on input line 29.
LaTeX Font Info:    External font `cmex10' loaded for size
(Font)              <7> on input line 29.

[1{/usr/local/teTeX/share/texmf/dvips/config/pdftex.map}{/usr/local/teTeX/share
/texmf.os/dvips/config/Ttbbold.map}{/usr/local/teTeX/share/texmf.os/dvips/confi
g/wolfram.map}

]
LaTeX Font Info:    External font `cmex10' loaded for size
(Font)              <12> on input line 68.
LaTeX Font Info:    External font `cmex10' loaded for size
(Font)              <8> on input line 68.
LaTeX Font Info:    External font `cmex10' loaded for size
(Font)              <6> on input line 68.
 [2] [3]
Overfull \hbox (74.77338pt too wide) in paragraph at lines 200--203
[]/cmr12/What does the heap look like in-sert-ing keys from the se-quence: $/cm
sy10@12.0pt/f/cmr12/10/cmmi12/; /cmr12/3/cmmi12/; /cmr12/1/cmmi12/; /cmr12/12/c
mmi12/; /cmr12/20/cmmi12/; /cmr12/18/cmmi12/; /cmr12/14/cmmi12/; /cmr12/16/cmsy
10@12.0pt/g$/cmr12/?
 []


Underfull \hbox (badness 10000) in paragraph at lines 203--207

 []

[4] [5] [6] [7] (./exam1.aux) ) 
Here is how much of TeX's memory you used:
 525 strings out of 30382
 6051 string characters out of 438881
 51293 words of memory out of 1000001
 3543 multiletter control sequences out of 10000+30000
 25708 words of font info for 95 fonts, out of 400000 for 1000
 54 hyphenation exceptions out of 1000
 25i,9n,22p,258b,367s stack positions out of 300i,100n,500p,50000b,4000s
 62 PDF objects out of 65536
 0 named destinations out of 20000
 0 words of extra memory for PDF output out of 65536
</usr/local/teTeX/share/texmf/fonts/type1/bluesk
y/cm/cmbx12.pfb></usr/local/teTeX/share/texmf/fonts/type1/bluesky/cm/cmtt12.pfb
></usr/local/teTeX/share/texmf/fonts/type1/bluesky/cm/cmsy10.pfb></usr/local/te
TeX/share/texmf/fonts/type1/bluesky/cm/cmsy8.pfb></usr/local/teTeX/share/texmf/
fonts/type1/bluesky/cm/cmr6.pfb></usr/local/teTeX/share/texmf/fonts/type1/blues
ky/cm/cmmi6.pfb></usr/local/teTeX/share/texmf/fonts/type1/bluesky/cm/cmmi12.pfb
></usr/local/teTeX/share/texmf/fonts/type1/bluesky/cm/cmr8.pfb></usr/local/teTe
X/share/texmf/fonts/type1/bluesky/cm/cmmi8.pfb></usr/local/teTeX/share/texmf/fo
nts/type1/bluesky/cm/cmex10.pfb></usr/local/teTeX/share/texmf/fonts/type1/blues
ky/cm/cmsl12.pfb></usr/local/teTeX/share/texmf/fonts/type1/bluesky/cm/cmr17.pfb
></usr/local/teTeX/share/texmf/fonts/type1/bluesky/cm/cmr12.pfb>
Output written on exam1.pdf (7 pages, 82544 bytes).
