This is pdfTeX, Version 3.14159-13d (Web2C 7.3.1) (format=pdflatex 2000.3.7)  4 DEC 2001 10:29
**exam1key
(exam1key.tex[/usr/share/texmf/pdftex/config/pdftex.cfg]
LaTeX2e <1998/12/01> patch level 1
Babel <v3.6x> and hyphenation patterns for american, french, german, ngerman, i
talian, nohyphenation, loaded.
(/usr/share/texmf/tex/latex/base/article.cls
Document Class: article 1999/01/07 v1.4a Standard LaTeX document class
(/usr/share/texmf/tex/latex/base/size12.clo
File: size12.clo 1999/01/07 v1.4a Standard LaTeX file (size option)
)
\c@part=\count79
\c@section=\count80
\c@subsection=\count81
\c@subsubsection=\count82
\c@paragraph=\count83
\c@subparagraph=\count84
\c@figure=\count85
\c@table=\count86
\abovecaptionskip=\skip41
\belowcaptionskip=\skip42
\bibindent=\dimen102
) (exam1key.aux)
\openout1 = `exam1key.aux'.

LaTeX Font Info:    Checking defaults for OML/cmm/m/it on input line 10.
LaTeX Font Info:    ... okay on input line 10.
LaTeX Font Info:    Checking defaults for T1/cmr/m/n on input line 10.
LaTeX Font Info:    ... okay on input line 10.
LaTeX Font Info:    Checking defaults for OT1/cmr/m/n on input line 10.
LaTeX Font Info:    ... okay on input line 10.
LaTeX Font Info:    Checking defaults for OMS/cmsy/m/n on input line 10.
LaTeX Font Info:    ... okay on input line 10.
LaTeX Font Info:    Checking defaults for OMX/cmex/m/n on input line 10.
LaTeX Font Info:    ... okay on input line 10.
LaTeX Font Info:    Checking defaults for U/cmr/m/n on input line 10.
LaTeX Font Info:    ... okay on input line 10.
LaTeX Font Info:    External font `cmex10' loaded for size
(Font)              <12> on input line 31.
LaTeX Font Info:    External font `cmex10' loaded for size
(Font)              <8> on input line 31.
LaTeX Font Info:    External font `cmex10' loaded for size
(Font)              <6> on input line 31.

Overfull \hbox (10.62958pt too wide) in paragraph at lines 57--60
[]\OT1/cmtt/m/n/12 Because every object has an unique object id (OID), and so, 
has
 []


Overfull \hbox (35.32959pt too wide) in paragraph at lines 57--60
\OT1/cmtt/m/n/12 a key. Weak entity sets occur when a secondary entity set prov
ides
 []


Overfull \hbox (16.80458pt too wide) in paragraph at lines 63--67
[]\OT1/cmtt/m/n/12 An anomaly is a problem usually caused when too much informa
tion
 []


Overfull \hbox (10.62958pt too wide) in paragraph at lines 63--67
\OT1/cmtt/m/n/12 is crammed into one relation. For example, a redundacy anomaly

 []


Overfull \hbox (4.45457pt too wide) in paragraph at lines 63--67
\OT1/cmtt/m/n/12 can occur when information is stored in duplicate times in the

 []


Overfull \hbox (16.80458pt too wide) in paragraph at lines 86--92
[]\OT1/cmtt/m/n/12 Recall that a superkey is key or a superset of a key. So, ev
ery
 []


Overfull \hbox (35.76286pt too wide) in paragraph at lines 86--92
\OT1/cmtt/m/n/12 superkey must consist of at least one of $\OMS/cmsy/m/n/12 f\O
ML/cmm/m/it/12 A; B; C\OMS/cmsy/m/n/12 g$ \OT1/cmtt/m/n/12 and $\OMS/cmsy/m/n/1
2 f\OML/cmm/m/it/12 D; E\OMS/cmsy/m/n/12 g$ \OT1/cmtt/m/n/12 (since
 []


Overfull \hbox (22.97958pt too wide) in paragraph at lines 86--92
\OT1/cmtt/m/n/12 every key has at least one element of each). This gives that t
he
 []


Overfull \hbox (4.45457pt too wide) in paragraph at lines 86--92
\OT1/cmtt/m/n/12 number of superkeys is the number of ways to choose 1, 2, or 3

 []


Overfull \hbox (17.54057pt too wide) in paragraph at lines 86--92
\OT1/cmtt/m/n/12 attributes from $\OMS/cmsy/m/n/12 f\OML/cmm/m/it/12 A; B; C\OM
S/cmsy/m/n/12 g$ \OT1/cmtt/m/n/12 times the number of ways to choose 1 or
 []


Overfull \hbox (4.51897pt too wide) detected at line 108
[]
 []

[1

[/usr/share/texmf/dvips/config/pdftex.map]]
Overfull \hbox (47.6796pt too wide) in paragraph at lines 110--112
[]\OT1/cmtt/m/n/12 Another way to do this question is to list out all possible 
superkeys
 []


Overfull \hbox (2.75737pt too wide) detected at line 145
[]
 []


Overfull \hbox (13.2933pt too wide) in paragraph at lines 155--157
[]\OT1/cmtt/m/n/12 Since there's only one key with all 5 attributes, this gives
 $\OT1/cmr/m/n/12 6 +
 []

[2] [3]
Overfull \hbox (5.58691pt too wide) in paragraph at lines 219--221
[]\OT1/cmr/m/n/12 Now con-sider a re-la-tion $\OML/cmm/m/it/12 R\OT1/cmr/m/n/12
 (\OML/cmm/m/it/12 A; B; C\OT1/cmr/m/n/12 )$ with two tu-ples: $\OML/cmm/m/it/1
2 R \OT1/cmr/m/n/12 = \OMS/cmsy/m/n/12 f\OT1/cmr/m/n/12 (3\OML/cmm/m/it/12 ; \O
T1/cmr/m/n/12 2\OML/cmm/m/it/12 ; \OT1/cmr/m/n/12 1)\OML/cmm/m/it/12 ; \OT1/cmr
/m/n/12 (4\OML/cmm/m/it/12 ; \OT1/cmr/m/n/12 2\OML/cmm/m/it/12 ; \OT1/cmr/m/n/1
2 6)\OMS/cmsy/m/n/12 g$\OT1/cmr/m/n/12 . 
 []

[4] [5] [6] [7] (exam1key.aux) ) 
Here is how much of TeX's memory you used:
 223 strings out of 10628
 2194 string characters out of 92864
 49259 words of memory out of 263001
 3255 multiletter control sequences out of 10000+0
 7190 words of font info for 26 fonts, out of 400000 for 1000
 14 hyphenation exceptions out of 1000
 22i,13n,19p,127b,385s stack positions out of 300i,100n,500p,50000b,4000s
<cmti12.pfb><cmex10.pfb><cmtt12.pfb><cmsy10.pfb
><cmmi12.pfb><cmr12.pfb>
Output written on exam1key.pdf (7 pages, 59586 bytes).
